Arguments: 
  /Users/karol.majta/.nvm/versions/node/v8.9.0/bin/node /Users/karol.majta/.nvm/versions/node/v8.9.0/bin/yarn install

PATH: 
  /Developer/NVIDIA/CUDA-9.1/bin:/Users/karol.majta/.nvm/versions/node/v8.9.0/bin:/Users/karol.majta/bin:/usr/local/bin:/usr/local/sbin:/usr/local/bin:/usr/bin:/bin:/usr/sbin:/sbin:/bin:/usr/local/opt/go/libexec/bin

Yarn version: 
  1.3.2

Node version: 
  8.9.0

Platform: 
  darwin x64

npm manifest: 
  {
    "name": "krakow-js",
    "version": "1.0.0",
    "description": "Krakow JS demo TV app",
    "main": "index.js",
    "author": "Karol Majta <karol.majta@performgroup.com>",
    "license": "MIT",
    "private": true,
    "scripts": {
      "build": "webpack"
    },
    "dependencies": {
      "react": "^16.2.0",
      "react-dom": "^16.2.0",
    },
    "devDependencies": {
      "babel-core": "^6.26.0",
      "babel-loader": "^7.1.2",
      "babel-preset-env": "^1.6.1",
      "babel-preset-react": "^6.24.1",
      "css-loader": "^0.28.10",
      "extract-text-webpack-plugin": "^3.0.2",
      "file-loader": "^1.1.9",
      "less": "^2.3.1",
      "less-loader": "^4.0.5",
      "style-loader": "^0.20.2",
      "stylelint": "^9.1.1",
      "webpack": "^3.11.0"
    }
  }

yarn manifest: 
  No manifest

Lockfile: 
  No lockfile

Trace: 
  SyntaxError: /Users/karol.majta/Projects/Perform/krakow-js/package.json: Unexpected token } in JSON at position 325
      at JSON.parse (<anonymous>)
      at /Users/karol.majta/.nvm/versions/node/v8.9.0/lib/node_modules/yarn/lib/cli.js:770:59
      at Generator.next (<anonymous>)
      at step (/Users/karol.majta/.nvm/versions/node/v8.9.0/lib/node_modules/yarn/lib/cli.js:92:30)
      at /Users/karol.majta/.nvm/versions/node/v8.9.0/lib/node_modules/yarn/lib/cli.js:103:13
      at <anonymous>
